<?xml version='1.0' encoding='UTF-8' ?>
<testsuite name=".TestClass" tests="1" failures="1" errors="0" skipped="0" time="142.535" timestamp="2022-05-25T09:31:17" hostname="localhost">
  <properties>
    <property name="device" value="Pixel_2_API_30(AVD) - 11" />
    <property name="flavor" value="" />
    <property name="project" value="app" />
  </properties>
  <testcase name="test1" classname=".TestClass" time="142.053">
    <failure></failure>
  </testcase>
</testsuite>